0 info it worked if it ends with ok
1 verbose cli [ 'c:\\Users\\Piotr\\AppData\\Local\\atom\\app-0.176.0\\resources\\app\\apm\\bin\\\\node.exe',
1 verbose cli   'c:\\Users\\Piotr\\AppData\\Local\\atom\\app-0.176.0\\resources\\app\\apm\\node_modules\\npm\\bin\\npm-cli.js',
1 verbose cli   'version',
1 verbose cli   'major',
1 verbose cli   '-m',
1 verbose cli   'Prepare %s release' ]
2 info using npm@2.3.0
3 info using node@v0.10.35
4 verbose node symlink c:\Users\Piotr\AppData\Local\atom\app-0.176.0\resources\app\apm\bin\\node.exe
5 info git [ 'status', '--porcelain' ]
6 verbose stack Error: Git working directory not clean.
6 verbose stack M package.json
6 verbose stack     at c:\Users\Piotr\AppData\Local\atom\app-0.176.0\resources\app\apm\node_modules\npm\lib\version.js:138:37
6 verbose stack     at ChildProcess.exithandler (child_process.js:656:7)
6 verbose stack     at ChildProcess.emit (events.js:98:17)
6 verbose stack     at maybeClose (child_process.js:766:16)
6 verbose stack     at Socket.<anonymous> (child_process.js:979:11)
6 verbose stack     at Socket.emit (events.js:95:17)
6 verbose stack     at Pipe.close (net.js:466:12)
7 verbose cwd C:\Users\Piotr\.atom\packages\atom-terminal-panel
8 error Windows_NT 6.2.9200
9 error argv "c:\\Users\\Piotr\\AppData\\Local\\atom\\app-0.176.0\\resources\\app\\apm\\bin\\\\node.exe" "c:\\Users\\Piotr\\AppData\\Local\\atom\\app-0.176.0\\resources\\app\\apm\\node_modules\\npm\\bin\\npm-cli.js" "version" "major" "-m" "Prepare %s release"
10 error node v0.10.35
11 error npm  v2.3.0
12 error Git working directory not clean.
12 error M package.json
13 error If you need help, you may report this error at:
13 error     <http://github.com/npm/npm/issues>
14 verbose exit [ 1, true ]
